\BOOKMARK [0][]{chapter.1}{Einf\374hrung}{}% 1
\BOOKMARK [1][]{section.1.1}{Motivation}{chapter.1}% 2
\BOOKMARK [1][]{section.1.2}{Formale Spezifikation}{chapter.1}% 3
\BOOKMARK [2][]{subsection.1.2.1}{Graphen}{section.1.2}% 4
\BOOKMARK [2][]{subsection.1.2.2}{Typgraph}{section.1.2}% 5
\BOOKMARK [2][]{subsection.1.2.3}{getypter Graph}{section.1.2}% 6
\BOOKMARK [2][]{subsection.1.2.4}{Graphmorphismus}{section.1.2}% 7
\BOOKMARK [2][]{subsection.1.2.5}{Regel}{section.1.2}% 8
\BOOKMARK [2][]{subsection.1.2.6}{Graphtransformation}{section.1.2}% 9
\BOOKMARK [3][]{subsubsection.1.2.6.1}{EMF Besonderheiten}{subsection.1.2.6}% 10
\BOOKMARK [2][]{subsection.1.2.7}{Negative Anwendungsbedingung \(NAC\)}{section.1.2}% 11
\BOOKMARK [2][]{subsection.1.2.8}{Tripelgraphgrammatik}{section.1.2}% 12
\BOOKMARK [3][]{subsubsection.1.2.8.1}{Tripelgraphen}{subsection.1.2.8}% 13
\BOOKMARK [3][]{subsubsection.1.2.8.2}{Tripelregel}{subsection.1.2.8}% 14
\BOOKMARK [3][]{subsubsection.1.2.8.3}{Operationale Regeln}{subsection.1.2.8}% 15
\BOOKMARK [1][]{section.1.3}{Ein paar Worte zur Implementation}{chapter.1}% 16
\BOOKMARK [2][]{subsection.1.3.1}{Entwicklungsumgebung und Plugins}{section.1.3}% 17
\BOOKMARK [3][]{subsubsection.1.3.1.1}{Eclipse}{subsection.1.3.1}% 18
\BOOKMARK [3][]{subsubsection.1.3.1.2}{EMF}{subsection.1.3.1}% 19
\BOOKMARK [3][]{subsubsection.1.3.1.3}{GEF}{subsection.1.3.1}% 20
\BOOKMARK [3][]{subsubsection.1.3.1.4}{MuvitorKit}{subsection.1.3.1}% 21
\BOOKMARK [2][]{subsection.1.3.2}{Das Henshin Metamodell und die Erweiterungen des TGG Editors}{section.1.3}% 22
\BOOKMARK [3][]{subsubsection.1.3.2.1}{Die Erweiterungen f\374r den TGG Editor}{subsection.1.3.2}% 23
\BOOKMARK [4][]{paragraph.1.3.2.1.1}{NodeLayout}{subsubsection.1.3.2.1}% 24
\BOOKMARK [4][]{paragraph.1.3.2.1.2}{AttributeLayout}{subsubsection.1.3.2.1}% 25
\BOOKMARK [4][]{paragraph.1.3.2.1.3}{EdgeLayout}{subsubsection.1.3.2.1}% 26
\BOOKMARK [4][]{paragraph.1.3.2.1.4}{GraphLayout}{subsubsection.1.3.2.1}% 27
\BOOKMARK [4][]{paragraph.1.3.2.1.5}{TRule}{subsubsection.1.3.2.1}% 28
\BOOKMARK [0][]{chapter.2}{Installation}{}% 29
\BOOKMARK [1][]{section.2.1}{Installationsanleitung}{chapter.2}% 30
\BOOKMARK [1][]{section.2.2}{Erster Schritt}{chapter.2}% 31
\BOOKMARK [0][]{chapter.3}{Funktionen}{}% 32
\BOOKMARK [1][]{section.3.1}{Basis Funktionen}{chapter.3}% 33
\BOOKMARK [2][]{subsection.3.1.1}{Copy/Paste}{section.3.1}% 34
\BOOKMARK [2][]{subsection.3.1.2}{Undo/Redo}{section.3.1}% 35
\BOOKMARK [2][]{subsection.3.1.3}{Property View}{section.3.1}% 36
\BOOKMARK [2][]{subsection.3.1.4}{Direct Edit}{section.3.1}% 37
\BOOKMARK [2][]{subsection.3.1.5}{Delete}{section.3.1}% 38
\BOOKMARK [1][]{section.3.2}{Tree View}{chapter.3}% 39
\BOOKMARK [2][]{subsection.3.2.1}{Imports}{section.3.2}% 40
\BOOKMARK [3][]{subsubsection.3.2.1.1}{Ein EMF Modell importieren}{subsection.3.2.1}% 41
\BOOKMARK [2][]{subsection.3.2.2}{Graphs}{section.3.2}% 42
\BOOKMARK [3][]{subsubsection.3.2.2.1}{Einen neuen Graphen erstellen}{subsection.3.2.2}% 43
\BOOKMARK [2][]{subsection.3.2.3}{Rules}{section.3.2}% 44
\BOOKMARK [3][]{subsubsection.3.2.3.1}{Eine neue Rule erstellen}{subsection.3.2.3}% 45
\BOOKMARK [1][]{section.3.3}{Graph View}{chapter.3}% 46
\BOOKMARK [2][]{subsection.3.3.1}{Palette}{section.3.3}% 47
\BOOKMARK [3][]{subsubsection.3.3.1.1}{Select}{subsection.3.3.1}% 48
\BOOKMARK [3][]{subsubsection.3.3.1.2}{Node}{subsection.3.3.1}% 49
\BOOKMARK [2][]{subsection.3.3.2}{Edge}{section.3.3}% 50
\BOOKMARK [3][]{subsubsection.3.3.2.1}{Attribute}{subsection.3.3.2}% 51
\BOOKMARK [2][]{subsection.3.3.3}{Toolbar}{section.3.3}% 52
\BOOKMARK [3][]{subsubsection.3.3.3.1}{Validate Graph}{subsection.3.3.3}% 53
\BOOKMARK [3][]{subsubsection.3.3.3.2}{Execute FT Rules}{subsection.3.3.3}% 54
\BOOKMARK [1][]{section.3.4}{Rule View}{chapter.3}% 55
\BOOKMARK [2][]{subsection.3.4.1}{Palette}{section.3.4}% 56
\BOOKMARK [3][]{subsubsection.3.4.1.1}{++}{subsection.3.4.1}% 57
\BOOKMARK [3][]{subsubsection.3.4.1.2}{Mapping}{subsection.3.4.1}% 58
\BOOKMARK [2][]{subsection.3.4.2}{Toolbar}{section.3.4}% 59
\BOOKMARK [3][]{subsubsection.3.4.2.1}{Generate FT Rule}{subsection.3.4.2}% 60
\BOOKMARK [3][]{subsubsection.3.4.2.2}{Validate Rule}{subsection.3.4.2}% 61
\BOOKMARK [3][]{subsubsection.3.4.2.3}{Execute Rule}{subsection.3.4.2}% 62
\BOOKMARK [2][]{subsection.3.4.3}{NACs}{section.3.4}% 63
\BOOKMARK [1][]{section.3.5}{FT Rule View}{chapter.3}% 64
\BOOKMARK [2][]{subsection.3.5.1}{Palette}{section.3.5}% 65
\BOOKMARK [2][]{subsection.3.5.2}{Toolbar}{section.3.5}% 66
\BOOKMARK [0][]{chapter.4}{Beispielablauf}{}% 67
\BOOKMARK [1][]{section.4.1}{Projekt anlegen}{chapter.4}% 68
\BOOKMARK [1][]{section.4.2}{EMF Modelle importieren}{chapter.4}% 69
\BOOKMARK [2][]{subsection.4.2.1}{EMF Projekt importieren}{section.4.2}% 70
\BOOKMARK [2][]{subsection.4.2.2}{Import eines EMF Modells}{section.4.2}% 71
\BOOKMARK [1][]{section.4.3}{Graphen}{chapter.4}% 72
\BOOKMARK [2][]{subsection.4.3.1}{Einen Graphen erstellen}{section.4.3}% 73
\BOOKMARK [2][]{subsection.4.3.2}{Graphen editieren}{section.4.3}% 74
\BOOKMARK [3][]{subsubsection.4.3.2.1}{Knoten erstellen}{subsection.4.3.2}% 75
\BOOKMARK [3][]{subsubsection.4.3.2.2}{Kante erstellen}{subsection.4.3.2}% 76
\BOOKMARK [3][]{subsubsection.4.3.2.3}{Attribute erstellen}{subsection.4.3.2}% 77
\BOOKMARK [1][]{section.4.4}{Regeln}{chapter.4}% 78
\BOOKMARK [2][]{subsection.4.4.1}{Eine Regel erstellen}{section.4.4}% 79
\BOOKMARK [2][]{subsection.4.4.2}{Eine Regel editieren}{section.4.4}% 80
\BOOKMARK [3][]{subsubsection.4.4.2.1}{Element als new <++> markieren}{subsection.4.4.2}% 81
\BOOKMARK [3][]{subsubsection.4.4.2.2}{Parameter erstellen}{subsection.4.4.2}% 82
\BOOKMARK [3][]{subsubsection.4.4.2.3}{Attribute erstellen}{subsection.4.4.2}% 83
\BOOKMARK [3][]{subsubsection.4.4.2.4}{NAC erstellen}{subsection.4.4.2}% 84
\BOOKMARK [3][]{subsubsection.4.4.2.5}{NAC editieren}{subsection.4.4.2}% 85
\BOOKMARK [3][]{subsubsection.4.4.2.6}{NAC-Mapping erstellen}{subsection.4.4.2}% 86
\BOOKMARK [3][]{subsubsection.4.4.2.7}{NAC-Mapping l\366schen}{subsection.4.4.2}% 87
\BOOKMARK [3][]{subsubsection.4.4.2.8}{Knoten l\366schen}{subsection.4.4.2}% 88
\BOOKMARK [3][]{subsubsection.4.4.2.9}{NAC l\366schen}{subsection.4.4.2}% 89
\BOOKMARK [1][]{section.4.5}{Forward-Translation-Regeln}{chapter.4}% 90
\BOOKMARK [2][]{subsection.4.5.1}{FT\137Regel generieren}{section.4.5}% 91
\BOOKMARK [2][]{subsection.4.5.2}{FT\137Regel editieren}{section.4.5}% 92
\BOOKMARK [1][]{section.4.6}{Regeln Ausf\374hren}{chapter.4}% 93
\BOOKMARK [2][]{subsection.4.6.1}{Graph validieren}{section.4.6}% 94
\BOOKMARK [2][]{subsection.4.6.2}{Regel validieren}{section.4.6}% 95
\BOOKMARK [2][]{subsection.4.6.3}{Regel ausf\374hren}{section.4.6}% 96
\BOOKMARK [2][]{subsection.4.6.4}{FT\137Regel ausf\374hren}{section.4.6}% 97
\BOOKMARK [0][]{chapter.5}{Anmerkungen und Fehler}{}% 98
\BOOKMARK [1][]{section.5.1}{Direct Edit}{chapter.5}% 99
\BOOKMARK [1][]{section.5.2}{Rule View und FT Rule View}{chapter.5}% 100
