This is pdfTeX, Version 3.1415926-1.40.10 (TeX Live 2009/Debian) (format=pdflatex 2012.2.23)  29 FEB 2012 22:41
entering extended mode
 %&-line parsing enabled.
**TGGBenutzerhandbuch_main.tex
(./TGGBenutzerhandbuch_main.tex
LaTeX2e <2009/09/24>
Babel <v3.8l> and hyphenation patterns for english, usenglishmax, dumylang, noh
yphenation, loaded.
(/usr/share/texmf-texlive/tex/latex/koma-script/scrreprt.cls
Document Class: scrreprt 2009/07/24 v3.04a KOMA-Script document class (report)
(/usr/share/texmf-texlive/tex/latex/koma-script/scrkbase.sty
Package: scrkbase 2009/07/24 v3.04a KOMA-Script package (KOMA-Script-dependent 
basics and keyval usage)

(/usr/share/texmf-texlive/tex/latex/koma-script/scrbase.sty
Package: scrbase 2009/07/24 v3.04a KOMA-Script package (KOMA-Script-independent
 basics and keyval usage)

(/usr/share/texmf-texlive/tex/latex/graphics/keyval.sty
Package: keyval 1999/03/16 v1.13 key=value parser (DPC)
\KV@toks@=\toks14
)
(/usr/share/texmf-texlive/tex/latex/koma-script/scrlfile.sty
Package: scrlfile 2009/03/25 v3.03 KOMA-Script package (loading files)

Package scrlfile, 2009/03/25 v3.03 KOMA-Script package (loading files)
                  Copyright (C) Markus Kohm

))) (/usr/share/texmf-texlive/tex/latex/koma-script/tocbasic.sty
Package: tocbasic 2009/06/08 v3.03b KOMA-Script package (handling toc-files)
)
Package tocbasic Info: omitting babel extension for `toc'
(tocbasic)             because of feature `nobabel' available
(tocbasic)             for `toc' on input line 117.
Package tocbasic Info: omitting babel extension for `lof'
(tocbasic)             because of feature `nobabel' available
(tocbasic)             for `lof' on input line 118.
Package tocbasic Info: omitting babel extension for `lot'
(tocbasic)             because of feature `nobabel' available
(tocbasic)             for `lot' on input line 119.
Package scrreprt Info: You've used obsolete option `12pt'.
(scrreprt)             \KOMAExecuteOptions{fontsize=12pt} will be
(scrreprt)             used instead.
(scrreprt)             You may simply replace `12pt'
(scrreprt)             by `fontsize=12pt'.
Class scrreprt Info: File `scrsize12pt.clo' used to setup font sizes on input l
ine 1271.

(/usr/share/texmf-texlive/tex/latex/koma-script/scrsize12pt.clo
File: scrsize12pt.clo 2009/07/24 v3.04a KOMA-Script font size class option (12p
t)
)
(/usr/share/texmf-texlive/tex/latex/koma-script/typearea.sty
Package: typearea 2009/07/24 v3.04a KOMA-Script package (type area)

Package typearea, 2009/07/24 v3.04a KOMA-Script package (type area)
                  Copyright (C) Frank Neukam, 1992-1994
                  Copyright (C) Markus Kohm, 1994-

\ta@bcor=\skip41
\ta@div=\count79
Package typearea Info: You've used standard option `a4paper'.
(typearea)             This is correct!
(typearea)             Internaly I'm using `paper=a4'.
(typearea)             If you'd like to set the option with \KOMAoptions,
(typearea)             you'd have to use `paper=a4' there
(typearea)             instead of `a4paper', too.
\ta@hblk=\skip42
\ta@vblk=\skip43
\ta@temp=\skip44
Package typearea Info: These are the values describing the layout:
(typearea)             DIV  = 9
(typearea)             BCOR = 0.0pt
(typearea)             \paperwidth      = 597.50793pt
(typearea)              \textwidth      = 398.33862pt
(typearea)              DIV departure   = 0%
(typearea)              \evensidemargin = 27.31467pt
(typearea)              \oddsidemargin  = 27.31467pt
(typearea)             \paperheight     = 845.04694pt
(typearea)              \textheight     = 577.5pt
(typearea)              \topmargin      = -18.25089pt
(typearea)              \headheight     = 18.125pt
(typearea)              \headsep        = 21.75pt
(typearea)              \topskip        = 12.0pt
(typearea)              \footskip       = 50.75pt
(typearea)              \baselineskip   = 14.5pt
(typearea)              on input line 1115.
)
\c@part=\count80
\c@chapter=\count81
\c@section=\count82
\c@subsection=\count83
\c@subsubsection=\count84
\c@paragraph=\count85
\c@subparagraph=\count86
\abovecaptionskip=\skip45
\belowcaptionskip=\skip46
\c@pti@nb@sid@b@x=\box26
\c@figure=\count87
\c@table=\count88
\bibindent=\dimen102
) (/usr/share/texmf-texlive/tex/latex/base/fontenc.sty
Package: fontenc 2005/09/27 v1.99g Standard LaTeX package

(/usr/share/texmf-texlive/tex/latex/base/t1enc.def
File: t1enc.def 2005/09/27 v1.99g Standard LaTeX file
LaTeX Font Info:    Redeclaring font encoding T1 on input line 43.
))
(/usr/share/texmf-texlive/tex/latex/base/inputenc.sty
Package: inputenc 2008/03/30 v1.1d Input encoding file
\inpenc@prehook=\toks15
\inpenc@posthook=\toks16

(/usr/share/texmf-texlive/tex/latex/base/utf8.def
File: utf8.def 2008/04/05 v1.1m UTF-8 support for inputenc
Now handling font encoding OML ...
... no UTF-8 mapping file for font encoding OML
Now handling font encoding T1 ...
... processing UTF-8 mapping file for font encoding T1

(/usr/share/texmf-texlive/tex/latex/base/t1enc.dfu
File: t1enc.dfu 2008/04/05 v1.1m UTF-8 support for inputenc
   defining Unicode char U+00A1 (decimal 161)
   defining Unicode char U+00A3 (decimal 163)
   defining Unicode char U+00AB (decimal 171)
   defining Unicode char U+00BB (decimal 187)
   defining Unicode char U+00BF (decimal 191)
   defining Unicode char U+00C0 (decimal 192)
   defining Unicode char U+00C1 (decimal 193)
   defining Unicode char U+00C2 (decimal 194)
   defining Unicode char U+00C3 (decimal 195)
   defining Unicode char U+00C4 (decimal 196)
   defining Unicode char U+00C5 (decimal 197)
   defining Unicode char U+00C6 (decimal 198)
   defining Unicode char U+00C7 (decimal 199)
   defining Unicode char U+00C8 (decimal 200)
   defining Unicode char U+00C9 (decimal 201)
   defining Unicode char U+00CA (decimal 202)
   defining Unicode char U+00CB (decimal 203)
   defining Unicode char U+00CC (decimal 204)
   defining Unicode char U+00CD (decimal 205)
   defining Unicode char U+00CE (decimal 206)
   defining Unicode char U+00CF (decimal 207)
   defining Unicode char U+00D0 (decimal 208)
   defining Unicode char U+00D1 (decimal 209)
   defining Unicode char U+00D2 (decimal 210)
   defining Unicode char U+00D3 (decimal 211)
   defining Unicode char U+00D4 (decimal 212)
   defining Unicode char U+00D5 (decimal 213)
   defining Unicode char U+00D6 (decimal 214)
   defining Unicode char U+00D8 (decimal 216)
   defining Unicode char U+00D9 (decimal 217)
   defining Unicode char U+00DA (decimal 218)
   defining Unicode char U+00DB (decimal 219)
   defining Unicode char U+00DC (decimal 220)
   defining Unicode char U+00DD (decimal 221)
   defining Unicode char U+00DE (decimal 222)
   defining Unicode char U+00DF (decimal 223)
   defining Unicode char U+00E0 (decimal 224)
   defining Unicode char U+00E1 (decimal 225)
   defining Unicode char U+00E2 (decimal 226)
   defining Unicode char U+00E3 (decimal 227)
   defining Unicode char U+00E4 (decimal 228)
   defining Unicode char U+00E5 (decimal 229)
   defining Unicode char U+00E6 (decimal 230)
   defining Unicode char U+00E7 (decimal 231)
   defining Unicode char U+00E8 (decimal 232)
   defining Unicode char U+00E9 (decimal 233)
   defining Unicode char U+00EA (decimal 234)
   defining Unicode char U+00EB (decimal 235)
   defining Unicode char U+00EC (decimal 236)
   defining Unicode char U+00ED (decimal 237)
   defining Unicode char U+00EE (decimal 238)
   defining Unicode char U+00EF (decimal 239)
   defining Unicode char U+00F0 (decimal 240)
   defining Unicode char U+00F1 (decimal 241)
   defining Unicode char U+00F2 (decimal 242)
   defining Unicode char U+00F3 (decimal 243)
   defining Unicode char U+00F4 (decimal 244)
   defining Unicode char U+00F5 (decimal 245)
   defining Unicode char U+00F6 (decimal 246)
   defining Unicode char U+00F8 (decimal 248)
   defining Unicode char U+00F9 (decimal 249)
   defining Unicode char U+00FA (decimal 250)
   defining Unicode char U+00FB (decimal 251)
   defining Unicode char U+00FC (decimal 252)
   defining Unicode char U+00FD (decimal 253)
   defining Unicode char U+00FE (decimal 254)
   defining Unicode char U+00FF (decimal 255)
   defining Unicode char U+0102 (decimal 258)
   defining Unicode char U+0103 (decimal 259)
   defining Unicode char U+0104 (decimal 260)
   defining Unicode char U+0105 (decimal 261)
   defining Unicode char U+0106 (decimal 262)
   defining Unicode char U+0107 (decimal 263)
   defining Unicode char U+010C (decimal 268)
   defining Unicode char U+010D (decimal 269)
   defining Unicode char U+010E (decimal 270)
   defining Unicode char U+010F (decimal 271)
   defining Unicode char U+0110 (decimal 272)
   defining Unicode char U+0111 (decimal 273)
   defining Unicode char U+0118 (decimal 280)
   defining Unicode char U+0119 (decimal 281)
   defining Unicode char U+011A (decimal 282)
   defining Unicode char U+011B (decimal 283)
   defining Unicode char U+011E (decimal 286)
   defining Unicode char U+011F (decimal 287)
   defining Unicode char U+0130 (decimal 304)
   defining Unicode char U+0131 (decimal 305)
   defining Unicode char U+0132 (decimal 306)
   defining Unicode char U+0133 (decimal 307)
   defining Unicode char U+0139 (decimal 313)
   defining Unicode char U+013A (decimal 314)
   defining Unicode char U+013D (decimal 317)
   defining Unicode char U+013E (decimal 318)
   defining Unicode char U+0141 (decimal 321)
   defining Unicode char U+0142 (decimal 322)
   defining Unicode char U+0143 (decimal 323)
   defining Unicode char U+0144 (decimal 324)
   defining Unicode char U+0147 (decimal 327)
   defining Unicode char U+0148 (decimal 328)
   defining Unicode char U+014A (decimal 330)
   defining Unicode char U+014B (decimal 331)
   defining Unicode char U+0150 (decimal 336)
   defining Unicode char U+0151 (decimal 337)
   defining Unicode char U+0152 (decimal 338)
   defining Unicode char U+0153 (decimal 339)
   defining Unicode char U+0154 (decimal 340)
   defining Unicode char U+0155 (decimal 341)
   defining Unicode char U+0158 (decimal 344)
   defining Unicode char U+0159 (decimal 345)
   defining Unicode char U+015A (decimal 346)
   defining Unicode char U+015B (decimal 347)
   defining Unicode char U+015E (decimal 350)
   defining Unicode char U+015F (decimal 351)
   defining Unicode char U+0160 (decimal 352)
   defining Unicode char U+0161 (decimal 353)
   defining Unicode char U+0162 (decimal 354)
   defining Unicode char U+0163 (decimal 355)
   defining Unicode char U+0164 (decimal 356)
   defining Unicode char U+0165 (decimal 357)
   defining Unicode char U+016E (decimal 366)
   defining Unicode char U+016F (decimal 367)
   defining Unicode char U+0170 (decimal 368)
   defining Unicode char U+0171 (decimal 369)
   defining Unicode char U+0178 (decimal 376)
   defining Unicode char U+0179 (decimal 377)
   defining Unicode char U+017A (decimal 378)
   defining Unicode char U+017B (decimal 379)
   defining Unicode char U+017C (decimal 380)
   defining Unicode char U+017D (decimal 381)
   defining Unicode char U+017E (decimal 382)
   defining Unicode char U+200C (decimal 8204)
   defining Unicode char U+2013 (decimal 8211)
   defining Unicode char U+2014 (decimal 8212)
   defining Unicode char U+2018 (decimal 8216)
   defining Unicode char U+2019 (decimal 8217)
   defining Unicode char U+201A (decimal 8218)
   defining Unicode char U+201C (decimal 8220)
   defining Unicode char U+201D (decimal 8221)
   defining Unicode char U+201E (decimal 8222)
   defining Unicode char U+2030 (decimal 8240)
   defining Unicode char U+2031 (decimal 8241)
   defining Unicode char U+2039 (decimal 8249)
   defining Unicode char U+203A (decimal 8250)
   defining Unicode char U+2423 (decimal 9251)
)
Now handling font encoding OT1 ...
... processing UTF-8 mapping file for font encoding OT1

(/usr/share/texmf-texlive/tex/latex/base/ot1enc.dfu
File: ot1enc.dfu 2008/04/05 v1.1m UTF-8 support for inputenc
   defining Unicode char U+00A1 (decimal 161)
   defining Unicode char U+00A3 (decimal 163)
   defining Unicode char U+00B8 (decimal 184)
   defining Unicode char U+00BF (decimal 191)
   defining Unicode char U+00C5 (decimal 197)
   defining Unicode char U+00C6 (decimal 198)
   defining Unicode char U+00D8 (decimal 216)
   defining Unicode char U+00DF (decimal 223)
   defining Unicode char U+00E6 (decimal 230)
   defining Unicode char U+00EC (decimal 236)
   defining Unicode char U+00ED (decimal 237)
   defining Unicode char U+00EE (decimal 238)
   defining Unicode char U+00EF (decimal 239)
   defining Unicode char U+00F8 (decimal 248)
   defining Unicode char U+0131 (decimal 305)
   defining Unicode char U+0141 (decimal 321)
   defining Unicode char U+0142 (decimal 322)
   defining Unicode char U+0152 (decimal 338)
   defining Unicode char U+0153 (decimal 339)
   defining Unicode char U+2013 (decimal 8211)
   defining Unicode char U+2014 (decimal 8212)
   defining Unicode char U+2018 (decimal 8216)
   defining Unicode char U+2019 (decimal 8217)
   defining Unicode char U+201C (decimal 8220)
   defining Unicode char U+201D (decimal 8221)
)
Now handling font encoding OMS ...
... processing UTF-8 mapping file for font encoding OMS

(/usr/share/texmf-texlive/tex/latex/base/omsenc.dfu
File: omsenc.dfu 2008/04/05 v1.1m UTF-8 support for inputenc
   defining Unicode char U+00A7 (decimal 167)
   defining Unicode char U+00B6 (decimal 182)
   defining Unicode char U+00B7 (decimal 183)
   defining Unicode char U+2020 (decimal 8224)
   defining Unicode char U+2021 (decimal 8225)
   defining Unicode char U+2022 (decimal 8226)
)
Now handling font encoding OMX ...
... no UTF-8 mapping file for font encoding OMX
Now handling font encoding U ...
... no UTF-8 mapping file for font encoding U
   defining Unicode char U+00A9 (decimal 169)
   defining Unicode char U+00AA (decimal 170)
   defining Unicode char U+00AE (decimal 174)
   defining Unicode char U+00BA (decimal 186)
   defining Unicode char U+02C6 (decimal 710)
   defining Unicode char U+02DC (decimal 732)
   defining Unicode char U+200C (decimal 8204)
   defining Unicode char U+2026 (decimal 8230)
   defining Unicode char U+2122 (decimal 8482)
   defining Unicode char U+2423 (decimal 9251)
))
(/usr/share/texmf-texlive/tex/generic/babel/babel.sty
Package: babel 2008/07/06 v3.8l The Babel package

(/usr/share/texmf-texlive/tex/generic/babel/ngermanb.ldf
Language: ngermanb 2008/07/06 v2.6n new German support from the babel system

(/usr/share/texmf-texlive/tex/generic/babel/babel.def
File: babel.def 2008/07/06 v3.8l Babel common definitions
\babel@savecnt=\count89
\U@D=\dimen103
)

Package babel Warning: No hyphenation patterns were loaded for
(babel)                the language `ngerman'
(babel)                I will use the patterns loaded for \language=0 instead.

\l@ngerman = a dialect from \language0
\l@naustrian = a dialect from \language\l@ngerman 
Package babel Info: Making " an active character on input line 92.
)) (/usr/share/texmf-texlive/tex/latex/graphics/color.sty
Package: color 2005/11/14 v1.0j Standard LaTeX Color (DPC)

(/etc/texmf/tex/latex/config/color.cfg
File: color.cfg 2007/01/18 v1.5 color configuration of teTeX/TeXLive
)
Package color Info: Driver file: pdftex.def on input line 130.

(/usr/share/texmf-texlive/tex/latex/pdftex-def/pdftex.def
File: pdftex.def 2010/03/12 v0.04p Graphics/color for pdfTeX
\Gread@gobject=\count90
))
(/usr/share/texmf-texlive/tex/latex/hyperref/hyperref.sty
Package: hyperref 2009/10/09 v6.79a Hypertext links for LaTeX

(/usr/share/texmf-texlive/tex/generic/oberdiek/ifpdf.sty
Package: ifpdf 2009/04/10 v2.0 Provides the ifpdf switch (HO)
Package ifpdf Info: pdfTeX in pdf mode detected.
)
(/usr/share/texmf-texlive/tex/generic/oberdiek/ifvtex.sty
Package: ifvtex 2008/11/04 v1.4 Switches for detecting VTeX and its modes (HO)
Package ifvtex Info: VTeX not detected.
)
(/usr/share/texmf-texlive/tex/generic/ifxetex/ifxetex.sty
Package: ifxetex 2009/01/23 v0.5 Provides ifxetex conditional
)
(/usr/share/texmf-texlive/tex/latex/oberdiek/hycolor.sty
Package: hycolor 2009/10/02 v1.5 Code for color options of hyperref/bookmark (H
O)

(/usr/share/texmf-texlive/tex/latex/oberdiek/xcolor-patch.sty
Package: xcolor-patch 2009/10/02 xcolor patch
))
\@linkdim=\dimen104
\Hy@linkcounter=\count91
\Hy@pagecounter=\count92

(/usr/share/texmf-texlive/tex/latex/hyperref/pd1enc.def
File: pd1enc.def 2009/10/09 v6.79a Hyperref: PDFDocEncoding definition (HO)
Now handling font encoding PD1 ...
... no UTF-8 mapping file for font encoding PD1
)
(/usr/share/texmf-texlive/tex/generic/oberdiek/etexcmds.sty
Package: etexcmds 2007/12/12 v1.2 Prefix for e-TeX command names (HO)

(/usr/share/texmf-texlive/tex/generic/oberdiek/infwarerr.sty
Package: infwarerr 2007/09/09 v1.2 Providing info/warning/message (HO)
)
Package etexcmds Info: Could not find \expanded.
(etexcmds)             That can mean that you are not using pdfTeX 1.50 or
(etexcmds)             that some package has redefined \expanded.
(etexcmds)             In the latter case, load this package earlier.
)
(/usr/share/texmf-texlive/tex/latex/latexconfig/hyperref.cfg
File: hyperref.cfg 2002/06/06 v1.2 hyperref configuration of TeXLive
)
(/usr/share/texmf-texlive/tex/latex/oberdiek/kvoptions.sty
Package: kvoptions 2009/08/13 v3.4 Keyval support for LaTeX options (HO)

(/usr/share/texmf-texlive/tex/generic/oberdiek/kvsetkeys.sty
Package: kvsetkeys 2009/07/30 v1.5 Key value parser with default handler suppor
t (HO)
))
Package hyperref Info: Option `bookmarksopen' set `true' on input line 2864.
Package hyperref Info: Option `raiselinks' set `true' on input line 2864.
Package hyperref Info: Hyper figures OFF on input line 2975.
Package hyperref Info: Link nesting OFF on input line 2980.
Package hyperref Info: Hyper index ON on input line 2983.
Package hyperref Info: Plain pages OFF on input line 2990.
Package hyperref Info: Backreferencing OFF on input line 2995.

Implicit mode ON; LaTeX internals redefined
Package hyperref Info: Bookmarks ON on input line 3191.
(/usr/share/texmf-texlive/tex/latex/ltxmisc/url.sty
\Urlmuskip=\muskip10
Package: url 2006/04/12  ver 3.3  Verb mode for urls, etc.
)
LaTeX Info: Redefining \url on input line 3428.

(/usr/share/texmf-texlive/tex/generic/oberdiek/bitset.sty
Package: bitset 2007/09/28 v1.0 Data type bit set (HO)

(/usr/share/texmf-texlive/tex/generic/oberdiek/intcalc.sty
Package: intcalc 2007/09/27 v1.1 Expandable integer calculations (HO)
)
(/usr/share/texmf-texlive/tex/generic/oberdiek/bigintcalc.sty
Package: bigintcalc 2007/11/11 v1.1 Expandable big integer calculations (HO)

(/usr/share/texmf-texlive/tex/generic/oberdiek/pdftexcmds.sty
Package: pdftexcmds 2009/09/23 v0.6 LuaTeX support for pdfTeX utility functions
 (HO)

(/usr/share/texmf-texlive/tex/generic/oberdiek/ifluatex.sty
Package: ifluatex 2009/04/17 v1.2 Provides the ifluatex switch (HO)
Package ifluatex Info: LuaTeX not detected.
)
(/usr/share/texmf-texlive/tex/generic/oberdiek/ltxcmds.sty
Package: ltxcmds 2009/08/05 v1.0 Some LaTeX kernel commands for general use (HO
)
)
Package pdftexcmds Info: LuaTeX not detected.
Package pdftexcmds Info: \pdf@primitive is available.
Package pdftexcmds Info: \pdf@ifprimitive is available.
)))
\Fld@menulength=\count93
\Field@Width=\dimen105
\Fld@charsize=\dimen106
\Field@toks=\toks17
Package hyperref Info: Hyper figures OFF on input line 4377.
Package hyperref Info: Link nesting OFF on input line 4382.
Package hyperref Info: Hyper index ON on input line 4385.
Package hyperref Info: backreferencing OFF on input line 4392.
Package hyperref Info: Link coloring OFF on input line 4397.
Package hyperref Info: Link coloring with OCG OFF on input line 4402.
Package hyperref Info: PDF/A mode OFF on input line 4407.

(/usr/share/texmf-texlive/tex/generic/oberdiek/atbegshi.sty
Package: atbegshi 2008/07/31 v1.9 At begin shipout hook (HO)
)
\Hy@abspage=\count94
\c@Item=\count95
\c@Hfootnote=\count96
)
*hyperref using default driver hpdftex*
(/usr/share/texmf-texlive/tex/latex/hyperref/hpdftex.def
File: hpdftex.def 2009/10/09 v6.79a Hyperref driver for pdfTeX
\Fld@listcount=\count97
)
(/usr/share/texmf-texlive/tex/latex/graphics/graphicx.sty
Package: graphicx 1999/02/16 v1.0f Enhanced LaTeX Graphics (DPC,SPQR)

(/usr/share/texmf-texlive/tex/latex/graphics/graphics.sty
Package: graphics 2009/02/05 v1.0o Standard LaTeX Graphics (DPC,SPQR)

(/usr/share/texmf-texlive/tex/latex/graphics/trig.sty
Package: trig 1999/03/16 v1.09 sin cos tan (DPC)
)
(/etc/texmf/tex/latex/config/graphics.cfg
File: graphics.cfg 2009/08/28 v1.8 graphics configuration of TeX Live
)
Package graphics Info: Driver file: pdftex.def on input line 91.
)
\Gin@req@height=\dimen107
\Gin@req@width=\dimen108
)
(/usr/share/texmf-texlive/tex/latex/wrapfig/wrapfig.sty
\wrapoverhang=\dimen109
\WF@size=\dimen110
\c@WF@wrappedlines=\count98
\WF@box=\box27
\WF@everypar=\toks18
Package: wrapfig 2003/01/31  v 3.6
)
(/usr/share/texmf-texlive/tex/latex/subfigure/subfigure.sty
Package: subfigure 2002/03/15 v2.1.5 subfigure package
\subfigtopskip=\skip47
\subfigcapskip=\skip48
\subfigcaptopadj=\dimen111
\subfigbottomskip=\skip49
\subfigcapmargin=\dimen112
\subfiglabelskip=\skip50
\c@subfigure=\count99
\c@lofdepth=\count100
\c@subtable=\count101
\c@lotdepth=\count102

****************************************
* Local config file subfigure.cfg used *
****************************************
(/usr/share/texmf-texlive/tex/latex/subfigure/subfigure.cfg)
\subfig@top=\skip51
\subfig@bottom=\skip52
)
(/usr/share/texmf-texlive/tex/generic/xypic/xy.sty
(/usr/share/texmf-texlive/tex/generic/xypic/xy.tex Bootstrap'ing: catcodes,
docmode, (/usr/share/texmf-texlive/tex/generic/xypic/xyrecat.tex)
(/usr/share/texmf-texlive/tex/generic/xypic/xyidioms.tex)

 Xy-pic version 3.7 <1999/02/16>
 Copyright (c) 1991-1998 by Kristoffer H. Rose <krisrose@ens-lyon.fr>
 Xy-pic is free software: see the User's Guide for details.

Loading kernel: messages; fonts; allocations: state,
\X@c=\dimen113
\Y@c=\dimen114
\U@c=\dimen115
\D@c=\dimen116
\L@c=\dimen117
\R@c=\dimen118
\Edge@c=\toks19
\X@p=\dimen119
\Y@p=\dimen120
\U@p=\dimen121
\D@p=\dimen122
\L@p=\dimen123
\R@p=\dimen124
\Edge@p=\toks20
\X@origin=\dimen125
\Y@origin=\dimen126
\X@xbase=\dimen127
\Y@xbase=\dimen128
\X@ybase=\dimen129
\Y@ybase=\dimen130
\X@min=\dimen131
\Y@min=\dimen132
\X@max=\dimen133
\Y@max=\dimen134
\lastobjectbox@=\box28
\zerodotbox@=\box29
\almostz@=\dimen135
 direction,
\d@X=\dimen136
\d@Y=\dimen137
\K@=\count103
\KK@=\count104
\Direction=\count105
\K@dXdY=\dimen138
\K@dYdX=\dimen139
\xyread@=\read1
\xywrite@=\write3
\csp@=\count106
\quotPTK@=\dimen140

utility macros; pictures: \xy, positions,
\swaptoks@@=\toks21
\connectobjectbox@@=\box30
 objects,
\styletoks@=\toks22
 decorations;
kernel objects: directionals, circles, text; options; algorithms: directions,
edges, connections;  Xy-pic loaded)
Package: xy 1999/02/16 Xy-pic version 3.7

(/usr/share/texmf-texlive/tex/generic/xypic/xyall.tex
 Xy-pic option: All features v.3.3
(/usr/share/texmf-texlive/tex/generic/xypic/xycurve.tex
 Xy-pic option: Curve and Spline extension v.3.7 curve,
\crv@cnt@=\count107
\crvpts@=\toks23
\splinebox@=\box31
\splineval@=\dimen141
\splinedepth@=\dimen142
\splinetol@=\dimen143
\splinelength@=\dimen144
 circles,
\L@=\dimen145
 loaded)
(/usr/share/texmf-texlive/tex/generic/xypic/xyframe.tex
 Xy-pic option: Frame and Bracket extension v.3.7 loaded)
(/usr/share/texmf-texlive/tex/generic/xypic/xycmtip.tex
 Xy-pic option: Computer Modern tip extension v.3.3
(/usr/share/texmf-texlive/tex/generic/xypic/xytips.tex
 Xy-pic option: More Tips extension v.3.3 loaded) loaded)
(/usr/share/texmf-texlive/tex/generic/xypic/xyline.tex
 Xy-pic option: Line styles extension v.3.6
\xylinethick@=\dimen146
 loaded)
(/usr/share/texmf-texlive/tex/generic/xypic/xyrotate.tex
 Xy-pic option: Rotate and Scale extension v.3.3 loaded)
(/usr/share/texmf-texlive/tex/generic/xypic/xycolor.tex
 Xy-pic option: Colour extension v.3.3 loaded)
(/usr/share/texmf-texlive/tex/generic/xypic/xymatrix.tex
 Xy-pic option: Matrix feature v.3.4
\Row=\count108
\Col=\count109
\queue@=\toks24
\queue@@=\toks25
\qcount@=\count110
\qcount@@=\count111
\matrixsize@=\count112
 loaded)
(/usr/share/texmf-texlive/tex/generic/xypic/xyarrow.tex
 Xy-pic option: Arrow and Path feature v.3.5 path, \ar, loaded)
(/usr/share/texmf-texlive/tex/generic/xypic/xygraph.tex
 Xy-pic option: Graph feature v.3.7 loaded) loaded))
(/usr/share/texmf-texlive/tex/latex/index/index.sty
Package: index 2004/01/20 v4.2beta Improved index support (dmj)
\@indexbox=\insert233
\indexproofstyle=\toks26


LaTeX Warning: Command \markboth  has changed.
               Check if current package is valid.


LaTeX Warning: Command \markright  has changed.
               Check if current package is valid.

)
\idxtitle@default=\toks27
\tf@default=\write4
\openout4 = `TGGBenutzerhandbuch_main.idx'.

Package index Info: Writing index file TGGBenutzerhandbuch_main.idx on input li
ne 28.
 (./TGGBenutzerhandbuch_main.aux (./einleitung.aux) (./tutorial.aux)
(./kommandos.aux) (./workflow.aux) (./fehler.aux))
\openout1 = `TGGBenutzerhandbuch_main.aux'.

LaTeX Font Info:    Checking defaults for OML/cmm/m/it on input line 31.
LaTeX Font Info:    ... okay on input line 31.
LaTeX Font Info:    Checking defaults for T1/cmr/m/n on input line 31.
LaTeX Font Info:    ... okay on input line 31.
LaTeX Font Info:    Checking defaults for OT1/cmr/m/n on input line 31.
LaTeX Font Info:    ... okay on input line 31.
LaTeX Font Info:    Checking defaults for OMS/cmsy/m/n on input line 31.
LaTeX Font Info:    ... okay on input line 31.
LaTeX Font Info:    Checking defaults for OMX/cmex/m/n on input line 31.
LaTeX Font Info:    ... okay on input line 31.
LaTeX Font Info:    Checking defaults for U/cmr/m/n on input line 31.
LaTeX Font Info:    ... okay on input line 31.
LaTeX Font Info:    Checking defaults for PD1/pdf/m/n on input line 31.
LaTeX Font Info:    ... okay on input line 31.

(/usr/share/texmf-texlive/tex/context/base/supp-pdf.mkii
[Loading MPS to PDF converter (version 2006.09.02).]
\scratchcounter=\count113
\scratchdimen=\dimen147
\scratchbox=\box32
\nofMPsegments=\count114
\nofMParguments=\count115
\everyMPshowfont=\toks28
\MPscratchCnt=\count116
\MPscratchDim=\dimen148
\MPnumerator=\count117
\everyMPtoPDFconversion=\toks29
)
Package hyperref Info: Link coloring OFF on input line 31.
 (/usr/share/texmf-texlive/tex/latex/hyperref/nameref.sty
Package: nameref 2007/05/29 v2.31 Cross-referencing by name of section

(/usr/share/texmf-texlive/tex/latex/oberdiek/refcount.sty
Package: refcount 2008/08/11 v3.1 Data extraction from references (HO)
)
\c@section@level=\count118
)
LaTeX Info: Redefining \ref on input line 31.
LaTeX Info: Redefining \pageref on input line 31.

(./TGGBenutzerhandbuch_main.out) (./TGGBenutzerhandbuch_main.out)
\@outlinefile=\write5
\openout5 = `TGGBenutzerhandbuch_main.out'.

\AtBeginShipoutBox=\box33
LaTeX Font Info:    Try loading font information for T1+cmss on input line 45.

(/usr/share/texmf-texlive/tex/latex/base/t1cmss.fd
File: t1cmss.fd 1999/05/25 v2.5h Standard LaTeX font definitions
)
LaTeX Font Info:    External font `cmex10' loaded for size
(Font)              <17.28> on input line 45.
LaTeX Font Info:    External font `cmex10' loaded for size
(Font)              <12> on input line 45.
 [1



{/var/lib/texmf/fonts/map/pdftex/updmap/pdftex.map}] (./TGGBenutzerhandbuch_mai
n.toc
Class scrreprt Info: You've told me to use the font selection of the element
(scrreprt)           `sectioning' that is an alias of element `disposition'
(scrreprt)            on input line 2.
LaTeX Font Info:    External font `cmex10' loaded for size
(Font)              <8> on input line 3.
LaTeX Font Info:    External font `cmex10' loaded for size
(Font)              <6> on input line 3.

Overfull \hbox (5.91138pt too wide) in paragraph at lines 17--17
 [][] [][]\T1/cmr/m/n/12 Das Hen-shin Meta-mod-ell und die Er-weiterun-gen des 
TGG 
 []

Class scrreprt Info: You've told me to use the font selection of the element
(scrreprt)           `sectioning' that is an alias of element `disposition'
(scrreprt)            on input line 24.
Class scrreprt Info: You've told me to use the font selection of the element
(scrreprt)           `sectioning' that is an alias of element `disposition'
(scrreprt)            on input line 27.
[2

]
Class scrreprt Info: You've told me to use the font selection of the element
(scrreprt)           `sectioning' that is an alias of element `disposition'
(scrreprt)            on input line 56.
 [3]
Class scrreprt Info: You've told me to use the font selection of the element
(scrreprt)           `sectioning' that is an alias of element `disposition'
(scrreprt)            on input line 87.
)
\tf@toc=\write6
\openout6 = `TGGBenutzerhandbuch_main.toc'.

 [4]
\openout2 = `einleitung.aux'.

 (./einleitung.tex
Kapitel 1.
LaTeX Font Info:    External font `cmex10' loaded for size
(Font)              <7> on input line 5.
LaTeX Font Info:    External font `cmex10' loaded for size
(Font)              <5> on input line 5.
<../figures/DoublePushout.PNG, id=475, 272.01625pt x 166.6225pt>
File: ../figures/DoublePushout.PNG Graphic file (type png)

<use ../figures/DoublePushout.PNG>
Underfull \hbox (badness 10000) in paragraph at lines 19--19
[][]\T1/cmr/m/n/12 DPO Graph-
 []

[5


]
Overfull \hbox (0.24608pt too wide) in paragraph at lines 36--38
\T1/cmr/m/n/12 die über Cor-rece-pon-den-z-graphen ver-bun-den wer-den. Eine Tr
iple-graph-gra-matik
 []

[6 <../figures/DoublePushout.PNG (PNG copy)>]
<../figures/CD2RDBM.png, id=494, 510.66255pt x 321.12425pt>
File: ../figures/CD2RDBM.png Graphic file (type png)

<use ../figures/CD2RDBM.png>
<../figures/Tripelregel.png, id=496, 252.945pt x 83.07674pt>
File: ../figures/Tripelregel.png Graphic file (type png)

<use ../figures/Tripelregel.png>
Overfull \hbox (4.99919pt too wide) in paragraph at lines 53--61
\T1/cmr/m/n/12 Eine Tripleregel $\OML/cmm/m/it/12 tr$ \T1/cmr/m/n/12 ist ein in
-jek-tiv-er Triple-graph-mor-phis-mus $\OML/cmm/m/it/12 tr \OT1/cmr/m/n/12 = (\
OML/cmm/m/it/12 tr[]; tr[]; tr[]\OT1/cmr/m/n/12 ) :
 []


LaTeX Warning: `!h' float specifier changed to `!ht'.

<xymatrix 2x1 51> [7 <../figures/CD2RDBM.png (PNG copy)>]
<../figures/C2T.png, id=511, 453.39198pt x 216.81pt>
File: ../figures/C2T.png Graphic file (type png)
 <use ../figures/C2T.png>
<../figures/Sourceregel.png, id=514, 409.07547pt x 97.49632pt>
File: ../figures/Sourceregel.png Graphic file (type png)

<use ../figures/Sourceregel.png>

LaTeX Warning: `!h' float specifier changed to `!ht'.

<../figures/Forwardregel.png, id=515, 523.61661pt x 106.35962pt>
File: ../figures/Forwardregel.png Graphic file (type png)

<use ../figures/Forwardregel.png>

LaTeX Warning: `!h' float specifier changed to `!ht'.

<../figures/FT_C2T.png, id=517, 443.8469pt x 215.44641pt>
File: ../figures/FT_C2T.png Graphic file (type png)

<use ../figures/FT_C2T.png>

LaTeX Warning: `!h' float specifier changed to `!ht'.

[8 <../figures/Tripelregel.png (PNG copy)> <../figures/C2T.png (PNG copy)>]
<../figures/eclipse_logo.jpg, id=525, 361.35pt x 238.8925pt>
File: ../figures/eclipse_logo.jpg Graphic file (type jpg)

<use ../figures/eclipse_logo.jpg> [9 <../figures/Sourceregel.png (PNG copy)> <.
./figures/Forwardregel.png (PNG copy)> <../figures/FT_C2T.png (PNG copy)>]
Underfull \hbox (badness 1292) in paragraph at lines 115--120
[]\T1/cmr/m/n/12 Eclipse[][][][] ist eine En-twick-lung-sumge-bung en-twick-elt
 von der
 []

<../figures/emf_logo.png, id=531, 292.09125pt x 130.4875pt>
File: ../figures/emf_logo.png Graphic file (type png)

<use ../figures/emf_logo.png>
<../figures/gef_logo.png, id=534, 299.1175pt x 143.53625pt>
File: ../figures/gef_logo.png Graphic file (type png)

<use ../figures/gef_logo.png> [10 <../figures/eclipse_logo.jpg> <../figures/emf
_logo.png (PNG copy)> <../figures/gef_logo.png (PNG copy)>]
<../figures/tgg_henshin_diagram.png, id=546, 1422.916pt x 711.458pt>
File: ../figures/tgg_henshin_diagram.png Graphic file (type png)

<use ../figures/tgg_henshin_diagram.png> [11 <../figures/tgg_henshin_diagram.pn
g>] <../figures/tgg_diagram.png, id=556, 711.458pt x 426.393pt>
File: ../figures/tgg_diagram.png Graphic file (type png)

<use ../figures/tgg_diagram.png>

LaTeX Warning: Reference `sec:ruleview' on page 12 undefined on input line 219.


[12 <../figures/tgg_diagram.png>]) [13]
\openout2 = `tutorial.aux'.

 (./tutorial.tex
Kapitel 2.
<../figures/FTRules.png, id=574, 12.27226pt x 12.27226pt>
File: ../figures/FTRules.png Graphic file (type png)

<use ../figures/FTRules.png>) [14



 <../figures/FTRules.png>]
\openout2 = `kommandos.aux'.

 (./kommandos.tex
Kapitel 3.
LaTeX Font Info:    Try loading font information for T1+cmtt on input line 13.
(/usr/share/texmf-texlive/tex/latex/base/t1cmtt.fd
File: t1cmtt.fd 1999/05/25 v2.5h Standard LaTeX font definitions
)
<../figures/undo_icon.png, id=581, 32.12pt x 32.12pt>
File: ../figures/undo_icon.png Graphic file (type png)

<use ../figures/undo_icon.png>
<../figures/redo_icon.png, id=582, 32.12pt x 32.12pt>
File: ../figures/redo_icon.png Graphic file (type png)

<use ../figures/redo_icon.png>
<../figures/property_view.png, id=583, 661.47125pt x 324.21124pt>
File: ../figures/property_view.png Graphic file (type png)

<use ../figures/property_view.png>
Underfull \hbox (badness 3769) in paragraph at lines 25--26
\T1/cmr/m/it/12 Prop-er-ty View[] \T1/cmr/m/n/12 edi-tiert wer-
 []


Underfull \hbox (badness 1189) in paragraph at lines 25--26
\T1/cmr/m/it/12 Prop-er-ty View \T1/cmr/m/n/12 wie fol-gt öff-
 []


Overfull \hbox (11.87915pt too wide) in paragraph at lines 25--26
\T1/cmtt/m/n/12 Window$\OMS/cmsy/m/n/12 !$\T1/cmtt/m/n/12 Show View$\OMS/cmsy/m
/n/12 !$\T1/cmtt/m/n/12 Other \T1/cmr/m/n/12 oder
 []


Overfull \hbox (16.83176pt too wide) in paragraph at lines 25--26
\T1/cmr/m/n/12 be-nutzt den Short-cut \T1/cmtt/m/n/12 Shift+Alt+q
 []

[15



 <../figures/undo_icon.png> <../figures/redo_icon.png> <../figures/property_vie
w.png (PNG copy)>]
Overfull \hbox (18.9318pt too wide) in paragraph at lines 38--39
\T1/cmr/m/n/12 TGG beschreiben. Sie sind die Meta-mod-elle. Das Meta-mod-ell fü
r Source beschreibt
 []


Overfull \hbox (5.42386pt too wide) in paragraph at lines 40--41
[]\T1/cmr/m/n/12 Um ein solch-es Meta-mod-ell zu im-pertieren muss es zunächst 
in den Workspace
 []

LaTeX Font Info:    Try loading font information for OMS+cmr on input line 42.
(/usr/share/texmf-texlive/tex/latex/base/omscmr.fd
File: omscmr.fd 1999/05/25 v2.5h Standard LaTeX font definitions
)
LaTeX Font Info:    Font shape `OMS/cmr/m/n' in size <12> not available
(Font)              Font shape `OMS/cmsy/m/n' tried instead on input line 42.
 [16] [17] [18] [19]
Overfull \hbox (4.77542pt too wide) in paragraph at lines 117--118
\T1/cmr/m/n/12 prüft. Falls die Über-prü-fung er-fol-gre-ich war, wird dies in 
einem Di-a-log angezeigt.
 []

[20]) [21]
\openout2 = `workflow.aux'.

 (./workflow.tex
Kapitel 4.
<../figures/workflow/ProjektErstellen.PNG, id=635, 431.36156pt x 289.08pt>
File: ../figures/workflow/ProjektErstellen.PNG Graphic file (type png)

<use ../figures/workflow/ProjektErstellen.PNG>
Overfull \hbox (28.75601pt too wide) in paragraph at lines 24--25
[]\T1/cmr/m/n/12 Gehe zu $\OMS/cmsy/m/n/12 ! \OML/cmm/m/it/12 File \OMS/cmsy/m/
n/12 ! \OML/cmm/m/it/12 New \OMS/cmsy/m/n/12 ! \OML/cmm/m/it/12 Other::: \OMS/c
msy/m/n/12 ! \OML/cmm/m/it/12 Other \OMS/cmsy/m/n/12 ! \OML/cmm/m/it/12 TGG Fil
e Creation Wizard$ 
 []

[22



 <../figures/workflow/ProjektErstellen.PNG>]
<../figures/workflow/TGGErstellen.PNG, id=644, 395.22656pt x 376.40625pt>
File: ../figures/workflow/TGGErstellen.PNG Graphic file (type png)

<use ../figures/workflow/TGGErstellen.PNG>
Underfull \hbox (badness 10000) in paragraph at lines 44--49

 []

[23 <../figures/workflow/TGGErstellen.PNG>]
Overfull \hbox (25.89665pt too wide) in paragraph at lines 62--64
[]\T1/cmr/m/n/12 Wähle über \T1/cmr/m/it/12 Workspace... \T1/cmr/m/n/12 und das
 im-portierte EMF-Projekt, die entsprechende
 []

<../figures/workflow/ImportSource.PNG, id=651, 803.25093pt x 350.81062pt>
File: ../figures/workflow/ImportSource.PNG Graphic file (type png)

<use ../figures/workflow/ImportSource.PNG>
Overfull \hbox (28.45271pt too wide) in paragraph at lines 68--69
 [][] 
 []

[24 <../figures/workflow/ImportSource.PNG>]
<../figures/workflow/CreateGraph.png, id=662, 208.52907pt x 162.6075pt>
File: ../figures/workflow/CreateGraph.png Graphic file (type png)

<use ../figures/workflow/CreateGraph.png> [25 <../figures/workflow/CreateGraph.
png (PNG copy)>]
<../figures/workflow/CreateNode.png, id=673, 987.69pt x 334.24875pt>
File: ../figures/workflow/CreateNode.png Graphic file (type png)

<use ../figures/workflow/CreateNode.png>
<../figures/workflow/GraphKnotenFertig.png, id=674, 985.6825pt x 341.275pt>
File: ../figures/workflow/GraphKnotenFertig.png Graphic file (type png)

<use ../figures/workflow/GraphKnotenFertig.png> [26 <../figures/workflow/Create
Node.png> <../figures/workflow/GraphKnotenFertig.png (PNG copy)>]
<../figures/workflow/GraphKanteErstellen.png, id=686, 985.6825pt x 338.26375pt>
File: ../figures/workflow/GraphKanteErstellen.png Graphic file (type png)
<use ../figures/workflow/GraphKanteErstellen.png>
Underfull \hbox (badness 10000) in paragraph at lines 158--161

 []

[27 <../figures/workflow/GraphKanteErstellen.png (PNG copy)>]
<../figures/workflow/RegelVorNew.png, id=697, 985.6825pt x 438.63875pt>
File: ../figures/workflow/RegelVorNew.png Graphic file (type png)

<use ../figures/workflow/RegelVorNew.png> [28 <../figures/workflow/RegelVorNew.
png (PNG copy)>]
<../figures/workflow/RegelKnotenNeu.png, id=706, 985.6825pt x 465.74pt>
File: ../figures/workflow/RegelKnotenNeu.png Graphic file (type png)

<use ../figures/workflow/RegelKnotenNeu.png> [29 <../figures/workflow/RegelKnot
enNeu.png (PNG copy)>]
<../figures/workflow/AttributeErstellen.png, id=718, 315.1775pt x 212.795pt>
File: ../figures/workflow/AttributeErstellen.png Graphic file (type png)

<use ../figures/workflow/AttributeErstellen.png>
<../figures/workflow/AttributeErstellen2.png, id=719, 312.16624pt x 211.79124pt
>
File: ../figures/workflow/AttributeErstellen2.png Graphic file (type png)
 <use ../figures/workflow/AttributeErstellen2.png>
<../figures/workflow/RegelFertig.png, id=720, 968.61874pt x 527.9725pt>
File: ../figures/workflow/RegelFertig.png Graphic file (type png)

<use ../figures/workflow/RegelFertig.png> [30 <../figures/workflow/AttributeErs
tellen.png (PNG copy)> <../figures/workflow/AttributeErstellen2.png (PNG copy)>
 <../figures/workflow/RegelFertig.png (PNG copy)>]
<../figures/workflow/NACMapping.png, id=736, 978.65625pt x 638.385pt>
File: ../figures/workflow/NACMapping.png Graphic file (type png)

<use ../figures/workflow/NACMapping.png>

LaTeX Warning: `!h' float specifier changed to `!ht'.

[31] <../figures/workflow/FT_Regel.png, id=753, 978.65625pt x 437.635pt>
File: ../figures/workflow/FT_Regel.png Graphic file (type png)

<use ../figures/workflow/FT_Regel.png>

LaTeX Warning: `!h' float specifier changed to `!ht'.

[32 <../figures/workflow/NACMapping.png (PNG copy)>] [33 <../figures/workflow/F
T_Regel.png (PNG copy)>]
<../figures/workflow/RegelAusfuehrenParaSetzen.png, id=773, 384.43625pt x 283.0
575pt>
File: ../figures/workflow/RegelAusfuehrenParaSetzen.png Graphic file (type png)

 <use ../figures/workflow/RegelAusfuehrenParaSetzen.png>
<../figures/workflow/GraphFuerFTRegel.png, id=774, 517.18219pt x 289.08pt>
File: ../figures/workflow/GraphFuerFTRegel.png Graphic file (type png)

<use ../figures/workflow/GraphFuerFTRegel.png>

LaTeX Warning: `!h' float specifier changed to `!ht'.

) [34 <../figures/workflow/RegelAusfuehrenParaSetzen.png (PNG copy)>] [35 <../f
igures/workflow/GraphFuerFTRegel.png (PNG copy)>]
\openout2 = `fehler.aux'.

 (./fehler.tex
Kapitel 5.
) [36



]
No file TGGBenutzerhandbuch_main.ind.
(./TGGBenutzerhandbuch_main.aux (./einleitung.aux) (./tutorial.aux)
(./kommandos.aux) (./workflow.aux) (./fehler.aux))

LaTeX Warning: There were undefined references.

 ) 
Here is how much of TeX's memory you used:
 9151 strings out of 495061
 130101 string characters out of 1182621
 258249 words of memory out of 3000000
 11860 multiletter control sequences out of 15000+50000
 20958 words of font info for 50 fonts, out of 3000000 for 9000
 28 hyphenation exceptions out of 8191
 43i,13n,43p,1613b,444s stack positions out of 5000i,500n,10000p,200000b,50000s
 </home/daniel/.texmf-var/fonts/pk/ljfour/jknappen/ec/ecso1200.600pk> </home/
daniel/.texmf-var/fonts/pk/ljfour/jknappen/ec/ectt1200.600pk> </home/daniel/.te
xmf-var/fonts/pk/ljfour/jknappen/ec/ecbi1200.600pk> </home/daniel/.texmf-var/fo
nts/pk/ljfour/jknappen/ec/ecbx1000.600pk> </home/daniel/.texmf-var/fonts/pk/ljf
our/jknappen/ec/ecsx1440.600pk> </home/daniel/.texmf-var/fonts/pk/ljfour/jknapp
en/ec/ecrm1000.600pk> </home/daniel/.texmf-var/fonts/pk/ljfour/jknappen/ec/ecrm
0700.600pk> </home/daniel/.texmf-var/fonts/pk/ljfour/jknappen/ec/ecrm0800.600pk
> </home/daniel/.texmf-var/fonts/pk/ljfour/jknappen/ec/ecti1200.600pk> </home/d
aniel/.texmf-var/fonts/pk/ljfour/jknappen/ec/ecrm1200.600pk> </home/daniel/.tex
mf-var/fonts/pk/ljfour/jknappen/ec/ecrm1728.600pk> </home/daniel/.texmf-var/fon
ts/pk/ljfour/jknappen/ec/ecsx1200.600pk> </home/daniel/.texmf-var/fonts/pk/ljfo
ur/jknappen/ec/ecsx1728.600pk> </home/daniel/.texmf-var/fonts/pk/ljfour/jknappe
n/ec/ecsx2488.600pk> </home/daniel/.texmf-var/fonts/pk/ljfour/jknappen/ec/ecbx1
728.600pk></usr/share/texmf-texlive/fonts/type1/public/amsfonts/cm/cmmi12.pfb><
/usr/share/texmf-texlive/fonts/type1/public/amsfonts/cm/cmmi6.pfb></usr/share/t
exmf-texlive/fonts/type1/public/amsfonts/cm/cmmi8.pfb></usr/share/texmf-texlive
/fonts/type1/public/amsfonts/cm/cmr12.pfb></usr/share/texmf-texlive/fonts/type1
/public/amsfonts/cm/cmsy10.pfb></usr/share/texmf-texlive/fonts/type1/public/xyp
ic/xyatip10.pfb></usr/share/texmf-texlive/fonts/type1/public/xypic/xybtip10.pfb
>
Output written on TGGBenutzerhandbuch_main.pdf (36 pages, 1567846 bytes).
PDF statistics:
 1419 PDF objects out of 1440 (max. 8388607)
 219 named destinations out of 1000 (max. 500000)
 873 words of extra memory for PDF output out of 10000 (max. 10000000)

