\BOOKMARK [0][]{chapter.1}{Einf\374hrung}{}
\BOOKMARK [1][]{section.1.1}{Motivation}{chapter.1}
\BOOKMARK [1][]{section.1.2}{Formale Spezifikation}{chapter.1}
\BOOKMARK [2][]{subsection.1.2.1}{Graphtransformation}{section.1.2}
\BOOKMARK [3][]{subsubsection.1.2.1.1}{EMF Besonderheiten}{subsection.1.2.1}
\BOOKMARK [2][]{subsection.1.2.2}{Tripelgraphgrammatik}{section.1.2}
\BOOKMARK [3][]{subsubsection.1.2.2.1}{Tripelgraphen}{subsection.1.2.2}
\BOOKMARK [3][]{subsubsection.1.2.2.2}{Tripelregeln}{subsection.1.2.2}
\BOOKMARK [3][]{subsubsection.1.2.2.3}{Operationale Regeln}{subsection.1.2.2}
\BOOKMARK [1][]{section.1.3}{Ein paar Worte zur Implementation}{chapter.1}
\BOOKMARK [2][]{subsection.1.3.1}{Entwicklungsumgebung und Plugins}{section.1.3}
\BOOKMARK [3][]{subsubsection.1.3.1.1}{Eclipse}{subsection.1.3.1}
\BOOKMARK [3][]{subsubsection.1.3.1.2}{EMF}{subsection.1.3.1}
\BOOKMARK [3][]{subsubsection.1.3.1.3}{GEF}{subsection.1.3.1}
\BOOKMARK [3][]{subsubsection.1.3.1.4}{MuvitorKit}{subsection.1.3.1}
\BOOKMARK [2][]{subsection.1.3.2}{Das Henshin Metamodell und die Erweiterungen des TGG Editors}{section.1.3}
\BOOKMARK [3][]{subsubsection.1.3.2.1}{Die Erweiterungen f\374r den TGG Editor}{subsection.1.3.2}
\BOOKMARK [4][]{paragraph.1.3.2.1.1}{NodeLayout}{subsubsection.1.3.2.1}
\BOOKMARK [4][]{paragraph.1.3.2.1.2}{AttributeLayout}{subsubsection.1.3.2.1}
\BOOKMARK [4][]{paragraph.1.3.2.1.3}{EdgeLayout}{subsubsection.1.3.2.1}
\BOOKMARK [4][]{paragraph.1.3.2.1.4}{GraphLayout}{subsubsection.1.3.2.1}
\BOOKMARK [4][]{paragraph.1.3.2.1.5}{TRule}{subsubsection.1.3.2.1}
\BOOKMARK [0][]{chapter.2}{Tutorial}{}
\BOOKMARK [1][]{section.2.1}{Installationsanleitung}{chapter.2}
\BOOKMARK [1][]{section.2.2}{Erster Schritt}{chapter.2}
\BOOKMARK [0][]{chapter.3}{Funktionen}{}
\BOOKMARK [1][]{section.3.1}{Basis Funktionen}{chapter.3}
\BOOKMARK [2][]{subsection.3.1.1}{Copy/Paste}{section.3.1}
\BOOKMARK [2][]{subsection.3.1.2}{Undo/Redo}{section.3.1}
\BOOKMARK [2][]{subsection.3.1.3}{Property View}{section.3.1}
\BOOKMARK [2][]{subsection.3.1.4}{Direct Edit}{section.3.1}
\BOOKMARK [2][]{subsection.3.1.5}{Delete}{section.3.1}
\BOOKMARK [1][]{section.3.2}{Tree View}{chapter.3}
\BOOKMARK [1][]{section.3.3}{Graph View}{chapter.3}
\BOOKMARK [2][]{subsection.3.3.1}{Palette}{section.3.3}
\BOOKMARK [3][]{subsubsection.3.3.1.1}{Select}{subsection.3.3.1}
\BOOKMARK [3][]{subsubsection.3.3.1.2}{Node}{subsection.3.3.1}
\BOOKMARK [2][]{subsection.3.3.2}{Edge}{section.3.3}
\BOOKMARK [3][]{subsubsection.3.3.2.1}{Attribute}{subsection.3.3.2}
\BOOKMARK [2][]{subsection.3.3.3}{Toolbar}{section.3.3}
\BOOKMARK [3][]{subsubsection.3.3.3.1}{Validate Graph}{subsection.3.3.3}
\BOOKMARK [3][]{subsubsection.3.3.3.2}{Execute FT Rules}{subsection.3.3.3}
\BOOKMARK [1][]{section.3.4}{Rule View}{chapter.3}
\BOOKMARK [2][]{subsection.3.4.1}{Palette}{section.3.4}
\BOOKMARK [3][]{subsubsection.3.4.1.1}{++}{subsection.3.4.1}
\BOOKMARK [3][]{subsubsection.3.4.1.2}{Mapping}{subsection.3.4.1}
\BOOKMARK [2][]{subsection.3.4.2}{Toolbar}{section.3.4}
\BOOKMARK [3][]{subsubsection.3.4.2.1}{Generate FT Rule}{subsection.3.4.2}
\BOOKMARK [3][]{subsubsection.3.4.2.2}{Validate Rule}{subsection.3.4.2}
\BOOKMARK [3][]{subsubsection.3.4.2.3}{Execute Rule}{subsection.3.4.2}
\BOOKMARK [2][]{subsection.3.4.3}{NACs}{section.3.4}
\BOOKMARK [1][]{section.3.5}{FT Rule View}{chapter.3}
\BOOKMARK [2][]{subsection.3.5.1}{Palette}{section.3.5}
\BOOKMARK [2][]{subsection.3.5.2}{Toolbar}{section.3.5}
\BOOKMARK [0][]{chapter.4}{WorkFlow}{}
\BOOKMARK [1][]{section.4.1}{Projekt anlegen}{chapter.4}
\BOOKMARK [1][]{section.4.2}{EMF Modelle importieren}{chapter.4}
\BOOKMARK [2][]{subsection.4.2.1}{EMF Projekt importieren}{section.4.2}
\BOOKMARK [2][]{subsection.4.2.2}{Import eines EMF Modells}{section.4.2}
\BOOKMARK [1][]{section.4.3}{Graphen}{chapter.4}
\BOOKMARK [2][]{subsection.4.3.1}{Einen Graphen erstellen}{section.4.3}
\BOOKMARK [2][]{subsection.4.3.2}{Graphen editieren}{section.4.3}
\BOOKMARK [3][]{subsubsection.4.3.2.1}{Knoten erstellen}{subsection.4.3.2}
\BOOKMARK [3][]{subsubsection.4.3.2.2}{Kante erstellen}{subsection.4.3.2}
\BOOKMARK [3][]{subsubsection.4.3.2.3}{Attribute erstellen}{subsection.4.3.2}
\BOOKMARK [1][]{section.4.4}{Regeln}{chapter.4}
\BOOKMARK [2][]{subsection.4.4.1}{Eine Regel erstellen}{section.4.4}
\BOOKMARK [2][]{subsection.4.4.2}{Eine Regel editieren}{section.4.4}
\BOOKMARK [3][]{subsubsection.4.4.2.1}{Element als new <++> markieren}{subsection.4.4.2}
\BOOKMARK [3][]{subsubsection.4.4.2.2}{Parameter erstellen}{subsection.4.4.2}
\BOOKMARK [3][]{subsubsection.4.4.2.3}{Attribute erstellen}{subsection.4.4.2}
\BOOKMARK [3][]{subsubsection.4.4.2.4}{NAC erstellen}{subsection.4.4.2}
\BOOKMARK [3][]{subsubsection.4.4.2.5}{NAC editieren}{subsection.4.4.2}
\BOOKMARK [3][]{subsubsection.4.4.2.6}{NAC-Mapping erstellen}{subsection.4.4.2}
\BOOKMARK [3][]{subsubsection.4.4.2.7}{NAC-Mapping l\366schen}{subsection.4.4.2}
\BOOKMARK [3][]{subsubsection.4.4.2.8}{Knoten l\366schen}{subsection.4.4.2}
\BOOKMARK [3][]{subsubsection.4.4.2.9}{NAC l\366schen}{subsection.4.4.2}
\BOOKMARK [1][]{section.4.5}{Forward-Translation-Regeln}{chapter.4}
\BOOKMARK [2][]{subsection.4.5.1}{FT\137Regel generieren}{section.4.5}
\BOOKMARK [2][]{subsection.4.5.2}{FT\137Regel editieren}{section.4.5}
\BOOKMARK [1][]{section.4.6}{Regeln Ausf\374hren}{chapter.4}
\BOOKMARK [2][]{subsection.4.6.1}{Graph validieren}{section.4.6}
\BOOKMARK [2][]{subsection.4.6.2}{Regel validieren}{section.4.6}
\BOOKMARK [2][]{subsection.4.6.3}{Regel ausf\374hren}{section.4.6}
\BOOKMARK [2][]{subsection.4.6.4}{FT\137Regel ausf\374hren}{section.4.6}
\BOOKMARK [0][]{chapter.5}{Anmerkungen und Fehler}{}
\BOOKMARK [1][]{section.5.1}{Fehler 1}{chapter.5}
\BOOKMARK [1][]{section.5.2}{Fehler 2}{chapter.5}
\BOOKMARK [1][]{section.5.3}{Fehler 3}{chapter.5}
